{"name": "test_nb_qua_pro", "status": "broken", "statusDetails": {"message": "selenium.common.exceptions.TimeoutException: Message:", "trace": "self = <TestCases.TestModuleD_NB.test_1_step9_nb_quality_process.Test_NB_Quality_process object at 0x0000000004C14240>\ninit_nb_quality = (<selenium.webdriver.chrome.webdriver.WebDriver (session=\"587375847980b81356b9b09f8ed18feb\")>, <PageObjects.ModuleBPag...e object at 0x0000000004C14198>, <PageObjects.ModuleNBPage.quality_nb_page.QualityNbPage object at 0x0000000004C148D0>)\n\n    @pytest.mark.process\n    @pytest.mark.usefixtures('init_nb_quality')\n    def test_nb_qua_pro(self, init_nb_quality):\n        # 登录NB\n        init_nb_quality[1].loginB(success_b_data[\"username\"], success_b_data[\"password\"])\n        # 点击首页左下角折叠按钮\n        init_nb_quality[2].click_folding_layer()\n        # 点击首页质检管理\n        init_nb_quality[2].click_quality_manage()\n        # nb首页_点击nb首页_点击质检管理\n        init_nb_quality[2].click_booking_quality_manage()\n        sleep(2)\n        # 关闭首页左下角折叠按钮\n        init_nb_quality[2].click_close_layer()\n        #质检列表-点击重置搜索框按钮\n        init_nb_quality[3].click_resetFilter()\n        sleep(2)\n        # 质检列表-输入账号名称\n        init_nb_quality[3].click_input_name(BookingData.account_name)\n        # 质检列表-搜索\n        init_nb_quality[3].click_search_button()\n        sleep(2)\n        # 质检列表-等待批量质检合格元素处理可见\n        init_nb_quality[3].js_scroll()\n        sleep(2)\n        #nb质检列表_鼠标悬停处理按钮\n        init_nb_quality[3].click_mouse_actions()\n        sleep(10)\n        # nb质检页面_选择执行结果不合格原因\n>       init_nb_quality[4].click_link_invalid()\n\nTestCases\\TestModuleD_NB\\test_1_step9_nb_quality_process.py:66: \n_ _ _ _ _ _ _ _ _ _ _ _ _ _ _ _ _ _ _ _ _ _ _ _ _ _ _ _ _ _ _ _ _ _ _ _ _ _ _ _\nPageObjects\\ModuleNBPage\\quality_nb_page.py:16: in click_link_invalid\n    self.click_element(loc.link_invalid, \"nb质检页面_选择执行结果不合格原因\")\nCommons\\basepage.py:96: in click_element\n    self.wait_ele_visable(loc, img_doc)\nCommons\\basepage.py:36: in wait_ele_visable\n    WebDriverWait(self.driver, 20).until(EC.visibility_of_element_located(loc))\n_ _ _ _ _ _ _ _ _ _ _ _ _ _ _ _ _ _ _ _ _ _ _ _ _ _ _ _ _ _ _ _ _ _ _ _ _ _ _ _\n\nself = <selenium.webdriver.support.wait.WebDriverWait (session=\"587375847980b81356b9b09f8ed18feb\")>\nmethod = <selenium.webdriver.support.expected_conditions.visibility_of_element_located object at 0x0000000004C31A90>\nmessage = ''\n\n    def until(self, method, message=''):\n        \"\"\"Calls the method provided with the driver as an argument until the \\\n        return value is not False.\"\"\"\n        screen = None\n        stacktrace = None\n    \n        end_time = time.time() + self._timeout\n        while True:\n            try:\n                value = method(self._driver)\n                if value:\n                    return value\n            except self._ignored_exceptions as exc:\n                screen = getattr(exc, 'screen', None)\n                stacktrace = getattr(exc, 'stacktrace', None)\n            time.sleep(self._poll)\n            if time.time() > end_time:\n                break\n>       raise TimeoutException(message, screen, stacktrace)\nE       selenium.common.exceptions.TimeoutException: Message:\n\nF:\\pythonxi\\lib\\site-packages\\selenium\\webdriver\\support\\wait.py:80: TimeoutException"}, "attachments": [{"name": "log", "source": "9cdcc735-e4e9-4824-94f0-65a50008317e-attachment.txt", "type": "text/plain"}], "start": 1585825899355, "stop": 1585825948868, "uuid": "84460eb8-8ac5-4881-9c20-7d0b2f9f9ffe", "historyId": "824829ffce90a9d1824009922987bb9a", "testCaseId": "4a860be19e7f3802404c48df1515aa7a", "fullName": "TestCases.TestModuleD_NB.test_1_step9_nb_quality_process.Test_NB_Quality_process#test_nb_qua_pro", "labels": [{"name": "tag", "value": "process"}, {"name": "parentSuite", "value": "TestCases.TestModuleD_NB"}, {"name": "suite", "value": "test_1_step9_nb_quality_process"}, {"name": "subSuite", "value": "Test_NB_Quality_process"}, {"name": "host", "value": "WIN-01801251448"}, {"name": "thread", "value": "7660-MainThread"}, {"name": "framework", "value": "pytest"}, {"name": "language", "value": "cpython3"}, {"name": "package", "value": "TestCases.TestModuleD_NB.test_1_step9_nb_quality_process"}]}