{"name": "test_b_add_execution_result", "status": "broken", "statusDetails": {"message": "selenium.common.exceptions.TimeoutException: Message:", "trace": "self = <TestCases.TestModuleC.test_6b_add_result.Test_B_add_result object at 0x0000000004808AC8>\nb_add_result = (<selenium.webdriver.chrome.webdriver.WebDriver (session=\"c3c8aed794c023b67275962b977a152b\")>, <PageObjects.ModuleBPag...4808908>, <PageObjects.ModuleBPage.add_data_m_page.add_execution_page.Add_execution_page object at 0x0000000004808A20>)\n\n    @pytest.mark.process\n    @pytest.mark.usefixtures('b_add_result')\n    def test_b_add_execution_result(self, b_add_result):\n        # 调用B端登录行为\n        b_add_result[1].loginB(success_b_data[\"username\"], success_b_data[\"password\"])\n        # B端首页_鼠标悬浮在V代言M元素\n        b_add_result[2].mouse_booking_list()\n        sleep(1)\n        # 点击V_代言M——预约订单列表\n        b_add_result[2].click_Booking_list()\n        sleep(3)\n        # js滚动条-滚动到全部订单可见\n        b_add_result[3].js_scroll_all_order()\n        sleep(5)\n        # 切换至全部订单\n        b_add_result[3].click_all_order()\n        # 预约订单列表（媒介）-输入需求名称\n        b_add_result[3].input_requirement_name(BookingData.booking_name)\n        # 预约订单列表（媒介）-查询\n        b_add_result[3].click_Query_button()\n        # 添加执行结果\n        b_add_result[3].click_add_result()\n        sleep(1)\n        # 添加执行结果弹框-全选\n        b_add_result[4].click_all_selecet()\n        # 添加执行结果弹框-输入执行链接\n        b_add_result[4].send_perform_link(B_Data.Perform_link)\n        # 添加执行结果弹框-点击上传按钮\n        b_add_result[4].click_pictures_button()\n        sleep(5)\n        # 添加执行结果弹框-图片文件上传\n        b_add_result[4].click_upload_pictures(B_Data.path)\n        sleep(2)\n        # 添加执行结果弹框-点击批量提交\n        b_add_result[4].click_batch_submit()\n        # 添加执行结果弹框-确定按钮\n>       b_add_result[4].click_confirm_button()\n\nTestCases\\TestModuleC\\test_6b_add_result.py:72: \n_ _ _ _ _ _ _ _ _ _ _ _ _ _ _ _ _ _ _ _ _ _ _ _ _ _ _ _ _ _ _ _ _ _ _ _ _ _ _ _\nPageObjects\\ModuleBPage\\add_data_m_page\\add_execution_page.py:31: in click_confirm_button\n    self.click_element(loc.confirm_button, \"添加执行结果弹框_确定按钮\")\nCommons\\basepage.py:96: in click_element\n    self.wait_ele_visable(loc, img_doc)\nCommons\\basepage.py:36: in wait_ele_visable\n    WebDriverWait(self.driver, 20).until(EC.visibility_of_element_located(loc))\n_ _ _ _ _ _ _ _ _ _ _ _ _ _ _ _ _ _ _ _ _ _ _ _ _ _ _ _ _ _ _ _ _ _ _ _ _ _ _ _\n\nself = <selenium.webdriver.support.wait.WebDriverWait (session=\"c3c8aed794c023b67275962b977a152b\")>\nmethod = <selenium.webdriver.support.expected_conditions.visibility_of_element_located object at 0x0000000004816588>\nmessage = ''\n\n    def until(self, method, message=''):\n        \"\"\"Calls the method provided with the driver as an argument until the \\\n        return value is not False.\"\"\"\n        screen = None\n        stacktrace = None\n    \n        end_time = time.time() + self._timeout\n        while True:\n            try:\n                value = method(self._driver)\n                if value:\n                    return value\n            except self._ignored_exceptions as exc:\n                screen = getattr(exc, 'screen', None)\n                stacktrace = getattr(exc, 'stacktrace', None)\n            time.sleep(self._poll)\n            if time.time() > end_time:\n                break\n>       raise TimeoutException(message, screen, stacktrace)\nE       selenium.common.exceptions.TimeoutException: Message:\n\nF:\\pythonxi\\lib\\site-packages\\selenium\\webdriver\\support\\wait.py:80: TimeoutException"}, "attachments": [{"name": "log", "source": "3317e389-6f46-45dd-9aa9-af7e629dcb14-attachment.txt", "type": "text/plain"}], "start": 1585822607623, "stop": 1585822691309, "uuid": "01bdc1c1-47e9-4167-a670-3134d9856b75", "historyId": "1aa4f178c435d594d3322a6bc16e433b", "testCaseId": "76832513828d9af1ee9e3de7c65bafc9", "fullName": "TestCases.TestModuleC.test_6b_add_result.Test_B_add_result#test_b_add_execution_result", "labels": [{"name": "tag", "value": "process"}, {"name": "parentSuite", "value": "TestCases.TestModuleC"}, {"name": "suite", "value": "test_6b_add_result"}, {"name": "subSuite", "value": "Test_B_add_result"}, {"name": "host", "value": "WIN-01801251448"}, {"name": "thread", "value": "11808-MainThread"}, {"name": "framework", "value": "pytest"}, {"name": "language", "value": "cpython3"}, {"name": "package", "value": "TestCases.TestModuleC.test_6b_add_result"}]}